0 info it worked if it ends with ok
1 verbose cli [ '/usr/bin/nodejs', '/usr/bin/npm', 'start' ]
2 info using npm@3.5.2
3 info using node@v4.2.6
4 verbose run-script [ 'prestart', 'start', 'poststart' ]
5 info lifecycle openpmo-web@0.0.0~prestart: openpmo-web@0.0.0
6 silly lifecycle openpmo-web@0.0.0~prestart: no script for prestart, continuing
7 info lifecycle openpmo-web@0.0.0~start: openpmo-web@0.0.0
8 verbose lifecycle openpmo-web@0.0.0~start: unsafe-perm in lifecycle true
9 verbose lifecycle openpmo-web@0.0.0~start: PATH: /usr/share/npm/bin/node-gyp-bin:/home/vagner.cordeiro/projetos/openpmo-web/node_modules/.bin:/home/vagner.cordeiro/bin:/home/vagner.cordeiro/.local/bin:/usr/local/sbin:/usr/local/bin:/usr/sbin:/usr/bin:/sbin:/bin:/usr/games:/usr/local/games:/snap/bin
10 verbose lifecycle openpmo-web@0.0.0~start: CWD: /home/vagner.cordeiro/projetos/openpmo-web
11 silly lifecycle openpmo-web@0.0.0~start: Args: [ '-c', 'ng serve --proxy-config proxy.config.js -o' ]
12 info lifecycle openpmo-web@0.0.0~start: Failed to exec start script
13 verbose stack Error: openpmo-web@0.0.0 start: `ng serve --proxy-config proxy.config.js -o`
13 verbose stack spawn ENOENT
13 verbose stack     at ChildProcess.<anonymous> (/usr/share/npm/lib/utils/spawn.js:17:16)
13 verbose stack     at emitTwo (events.js:87:13)
13 verbose stack     at ChildProcess.emit (events.js:172:7)
13 verbose stack     at maybeClose (internal/child_process.js:821:16)
13 verbose stack     at Process.ChildProcess._handle.onexit (internal/child_process.js:211:5)
14 verbose pkgid openpmo-web@0.0.0
15 verbose cwd /home/vagner.cordeiro/projetos/openpmo-web
16 error Linux 4.15.0-38-generic
17 error argv "/usr/bin/nodejs" "/usr/bin/npm" "start"
18 error node v4.2.6
19 error npm  v3.5.2
20 error file sh
21 error code ELIFECYCLE
22 error errno ENOENT
23 error syscall spawn
24 error openpmo-web@0.0.0 start: `ng serve --proxy-config proxy.config.js -o`
24 error spawn ENOENT
25 error Failed at the openpmo-web@0.0.0 start script 'ng serve --proxy-config proxy.config.js -o'.
25 error Make sure you have the latest version of node.js and npm installed.
25 error If you do, this is most likely a problem with the openpmo-web package,
25 error not with npm itself.
25 error Tell the author that this fails on your system:
25 error     ng serve --proxy-config proxy.config.js -o
25 error You can get information on how to open an issue for this project with:
25 error     npm bugs openpmo-web
25 error Or if that isn't available, you can get their info via:
25 error     npm owner ls openpmo-web
25 error There is likely additional logging output above.
26 verbose exit [ 1, true ]
